This file contains any messages produced by compilers while
running configure, to aid debugging if configure makes a mistake.

It was created by or1ksim configure 0.3.0, which was
generated by GNU Autoconf 2.71.  Invocation command line was

  $ ../configure --prefix=/home/jan/personal-projects/system-level-design/sld-extern/or1ksim/build/../../ --disable-shared

## --------- ##
## Platform. ##
## --------- ##

hostname = rolf-laptop
uname -m = x86_64
uname -r = 5.4.0-135-generic
uname -s = Linux
uname -v = #152-Ubuntu SMP Wed Nov 23 20:19:22 UTC 2022

/usr/bin/uname -p = unknown
/bin/uname -X     = unknown

/bin/arch              = unknown
/usr/bin/arch -k       = unknown
/usr/convex/getsysinfo = unknown
/usr/bin/hostinfo      = unknown
/bin/machine           = unknown
/usr/bin/oslevel       = unknown
/bin/universe          = unknown

PATH: /home/jan/.local/bin/
PATH: /usr/local/sbin/
PATH: /usr/local/bin/
PATH: /usr/sbin/
PATH: /usr/bin/
PATH: /sbin/
PATH: /bin/
PATH: /usr/games/
PATH: /usr/local/games/
PATH: /snap/bin/
PATH: /home/jan/.local/share/JetBrains/Toolbox/scripts/
PATH: /home/jan/.local/bin/
PATH: /home/jan/.local/bin/


## ----------- ##
## Core tests. ##
## ----------- ##

configure:2774: looking for aux files: missing install-sh compile ltmain.sh config.guess config.sub
configure:2787:  trying ../
configure:2816:   ../missing found
configure:2798:   ../install-sh found
configure:2816:   ../compile found
configure:2816:   ../config.guess found
configure:2816:   ../config.sub found
configure:2787:  trying ../../
configure:2787:  trying ../../../
configure:2840: error: cannot find required auxiliary files: ltmain.sh

## ---------------- ##
## Cache variables. ##
## ---------------- ##

ac_cv_env_CC_set=
ac_cv_env_CC_value=
ac_cv_env_CFLAGS_set=set
ac_cv_env_CFLAGS_value='-O3 -g3'
ac_cv_env_CPPFLAGS_set=
ac_cv_env_CPPFLAGS_value=
ac_cv_env_CPP_set=
ac_cv_env_CPP_value=
ac_cv_env_LDFLAGS_set=
ac_cv_env_LDFLAGS_value=
ac_cv_env_LIBS_set=
ac_cv_env_LIBS_value=
ac_cv_env_LT_SYS_LIBRARY_PATH_set=
ac_cv_env_LT_SYS_LIBRARY_PATH_value=
ac_cv_env_build_alias_set=
ac_cv_env_build_alias_value=
ac_cv_env_host_alias_set=
ac_cv_env_host_alias_value=
ac_cv_env_target_alias_set=
ac_cv_env_target_alias_value=

## ----------------- ##
## Output variables. ##
## ----------------- ##

ACLOCAL=''
AMDEPBACKSLASH=''
AMDEP_FALSE=''
AMDEP_TRUE=''
AMTAR=''
AM_BACKSLASH=''
AM_DEFAULT_V=''
AM_DEFAULT_VERBOSITY=''
AM_V=''
AR=''
ARFLAGS=''
AUTOCONF=''
AUTOHEADER=''
AUTOMAKE=''
AWK=''
BUILD_DIR=''
CC=''
CCDEPMODE=''
CFLAGS='-O3 -g3'
CPP=''
CPPFLAGS=''
CPU_ARCH=''
CSCOPE=''
CTAGS=''
CYGPATH_W=''
DEBUGFLAGS=''
DEFS=''
DEPDIR=''
DLLTOOL=''
DSYMUTIL=''
DUMPBIN=''
DYNAMIC_EXECUTION_FALSE=''
DYNAMIC_EXECUTION_TRUE=''
ECHO_C=''
ECHO_N='-n'
ECHO_T=''
EGREP=''
ETAGS=''
EXEEXT=''
FGREP=''
GENERATE_NEEDED_FALSE=''
GENERATE_NEEDED_TRUE=''
GREP=''
INCLUDES=''
INSTALL_DATA=''
INSTALL_PROGRAM=''
INSTALL_SCRIPT=''
INSTALL_STRIP_PROGRAM=''
LD=''
LDFLAGS=''
LIBOBJS=''
LIBS=''
LIBTOOL=''
LIPO=''
LN_S=''
LOCAL_CFLAGS=''
LOCAL_DEFS=''
LOCAL_LDFLAGS=''
LTLIBOBJS=''
LT_SYS_LIBRARY_PATH=''
MAKEINFO=''
MAKE_SHELL=''
MANIFEST_TOOL=''
MKDIR_P=''
NM=''
NMEDIT=''
OBJDUMP=''
OBJEXT=''
OTOOL64=''
OTOOL=''
PACKAGE=''
PACKAGE_BUGREPORT='openrisc@opencores.org'
PACKAGE_NAME='or1ksim'
PACKAGE_STRING='or1ksim 0.3.0'
PACKAGE_TARNAME='or1ksim'
PACKAGE_URL=''
PACKAGE_VERSION='0.3.0'
PATH_SEPARATOR=':'
POW_LIB=''
RANLIB=''
SED=''
SET_MAKE=''
SHELL='/bin/bash'
STRIP=''
SUMVERSION=''
TERMCAP_LIB=''
USE_ARGDATE_FALSE=''
USE_ARGDATE_TRUE=''
USE_ARGREX_FALSE=''
USE_ARGREX_TRUE=''
USE_SYS_GETOPTLONG_FALSE=''
USE_SYS_GETOPTLONG_TRUE=''
VERSION=''
ac_ct_AR=''
ac_ct_CC=''
ac_ct_DUMPBIN=''
am__EXEEXT_FALSE=''
am__EXEEXT_TRUE=''
am__fastdepCC_FALSE=''
am__fastdepCC_TRUE=''
am__include=''
am__isrc=''
am__leading_dot=''
am__nodep=''
am__quote=''
am__tar=''
am__untar=''
bindir='${exec_prefix}/bin'
build=''
build_alias=''
build_cpu=''
build_os=''
build_vendor=''
datadir='${datarootdir}'
datarootdir='${prefix}/share'
docdir='${datarootdir}/doc/${PACKAGE_TARNAME}'
dvidir='${docdir}'
exec_prefix='NONE'
host=''
host_alias=''
host_cpu=''
host_os=''
host_vendor=''
htmldir='${docdir}'
includedir='${prefix}/include'
infodir='${datarootdir}/info'
install_sh=''
libdir='${exec_prefix}/lib'
libexecdir='${exec_prefix}/libexec'
localedir='${datarootdir}/locale'
localstatedir='${prefix}/var'
mandir='${datarootdir}/man'
mkdir_p=''
oldincludedir='/usr/include'
pdfdir='${docdir}'
prefix='/home/jan/personal-projects/system-level-design/sld-extern/or1ksim/build/../..'
program_transform_name='s,x,x,'
psdir='${docdir}'
runstatedir='${localstatedir}/run'
sbindir='${exec_prefix}/sbin'
sharedstatedir='${prefix}/com'
sysconfdir='${prefix}/etc'
target=''
target_alias=''
target_cpu=''
target_os=''
target_vendor=''

## ----------- ##
## confdefs.h. ##
## ----------- ##

/* confdefs.h */
#define PACKAGE_NAME "or1ksim"
#define PACKAGE_TARNAME "or1ksim"
#define PACKAGE_VERSION "0.3.0"
#define PACKAGE_STRING "or1ksim 0.3.0"
#define PACKAGE_BUGREPORT "openrisc@opencores.org"
#define PACKAGE_URL ""

configure: exit 1
